
7-Zip (a) 19.00 (x64) : Copyright (c) 1999-2018 Igor Pavlov : 2019-02-21

Scanning the drive for archives:
1 file, 2687017 bytes (2625 KiB)

Extracting archive: C:\sapphyrusxyz\csgo_updates\client\csgo\panorama\code.pbin

WARNINGS:
There are data after the end of archive

--
Path = C:\sapphyrusxyz\csgo_updates\client\csgo\panorama\code.pbin
Type = zip
WARNINGS:
There are data after the end of archive
Offset = 516
Physical Size = 2686500
Tail Size = 1
Comment = XZP1 0

Everything is Ok

Archives with Warnings: 1

Warnings: 1
Files: 479
Size:       2610630
Compressed: 2687017
